 ==== valid syntax ====
-- Print AST --
   0
     TCONST    258
          m
          84
          n
          36
     TVAR    259
          x
          y
          z
          q
          r
     TPROC    260
          gcd
             0
               TVAR    259
                    f
                    g
               TBEGIN    262
                    ASSIGN    273
                         f
                         x
                    ASSIGN    273
                         g
                         y
                    TWHILE    266
                         NE    270
                              f
                              g
                         TBEGIN    262
                              TIF    263
                                   <    60
                                        f
                                        g
                                   ASSIGN    273
                                        g
                                        -    45
                                             g
                                             f
                              TIF    263
                                   <    60
                                        g
                                        f
                                   ASSIGN    273
                                        f
                                        -    45
                                             f
                                             g
                    ASSIGN    273
                         z
                         f
     TBEGIN    262
          ASSIGN    273
               x
               m
          ASSIGN    273
               y
               n
          TCALL    261
               gcd
-- CodeGen --
	JMP	LAB0
gcd
	JMP	LAB1
LAB1
	INT	0	5
	LOD	1	3
	STO	0	3
	LOD	1	4
	STO	0	4
LAB2
	LOD	0	3
	LOD	0	4
	NE
	JPC	LAB3
	LOD	0	3
	LOD	0	4
	LT
	JPC	LAB4
	LOD	0	4
	LOD	0	3
	SUB
	STO	0	4
LAB4
	LOD	0	4
	LOD	0	3
	LT
	JPC	LAB5
	LOD	0	3
	LOD	0	4
	SUB
	STO	0	3
LAB5
	JMP	LAB2
LAB3
	LOD	0	3
	STO	1	5
	RET
=======Display Table=======
name	type	lvl	offst	index
g	1	1	4	0
f	1	1	3	0
gcd	2	0	1	0
r	1	0	7	0
q	1	0	6	0
z	1	0	5	0
y	1	0	4	0
x	1	0	3	0
n	0	0	36	0
m	0	0	84	0
LAB0
	INT	0	8
	LIT	0	84
	STO	0	3
	LIT	0	36
	STO	0	4
	CAL	0	gcd
	END
=======Display Table=======
name	type	lvl	offst	index
gcd	2	0	1	0
r	1	0	7	0
q	1	0	6	0
z	1	0	5	0
y	1	0	4	0
x	1	0	3	0
n	0	0	36	0
m	0	0	84	0
===== Binary Code =====
0	6	0	31
1	6	0	2
2	5	0	5
3	2	1	3
4	3	0	3
5	2	1	4
6	3	0	4
7	2	0	3
8	2	0	4
9	1	0	9
10	7	0	28
11	2	0	3
12	2	0	4
13	1	0	10
14	7	0	19
15	2	0	4
16	2	0	3
17	1	0	3
18	3	0	4
19	2	0	4
20	2	0	3
21	1	0	10
22	7	0	27
23	2	0	3
24	2	0	4
25	1	0	3
26	3	0	3
27	6	0	7
28	2	0	3
29	3	1	5
30	1	0	0
31	5	0	8
32	0	0	84
33	3	0	3
34	0	0	36
35	3	0	4
36	4	0	1
37	1	0	7
38	0	0	0
------------------------------
=== start PL0 ===
=== execution result(global var. contents) ===
stack:	7	0
stack:	6	0
stack:	5	12
stack:	4	36
stack:	3	84
